[2026-01-06 00:57:01,629][__main__][INFO] - Training Config: 
seed: 42
debug: false
data:
  paths:
    ptbxl: /workspace/data/ptbxl/ptb-xl-a-large-publicly-available-electrocardiography-dataset-1.0.3
    chapman: /workspace/data/chapman/a-large-scale-12-lead-electrocardiogram-database-for-arrhythmia-study-1.0.0
    manifest_path: /workspace/Cross-Dataset-Generalization-in-ECG-via-Invariant-Representation-Learning/data/processed/master_manifest.csv
    processed_path: /workspace/Cross-Dataset-Generalization-in-ECG-via-Invariant-Representation-Learning/data/processed/signals.h5
    split_path: /workspace/Cross-Dataset-Generalization-in-ECG-via-Invariant-Representation-Learning/data/processed/splits.json
  splits:
    train: 0.7
    val: 0.1
  seed: 42
  sampling_rate: 250
  shortcut:
    use_shortcut: true
    freq: 60
    prob: 1.0
    amplitude: 0.1
    correlation: 0.9
model:
  _target_: src.models.resnet1d.ResNet1d
  input_channels: 12
  num_classes: 7
  layers:
  - 2
  - 2
  - 2
  - 2
  planes:
  - 64
  - 128
  - 256
  - 512
method:
  _target_: src.methods.dann.DANN
  num_domains: 2
  alpha: 1.0
train:
  epochs: 50
  batch_size: 64
  lr: 0.001
  weight_decay: 0.0001
  optimizer: AdamW

[2026-01-06 00:57:01,725][__main__][INFO] - Loading Manifest and Splits...
[2026-01-06 00:57:01,726][__main__][INFO] - Loading Manifest and Splits...
[2026-01-06 00:57:02,035][__main__][INFO] - Train Size: 46867, Val Size: 6695
[2026-01-06 00:57:02,096][__main__][INFO] - Filtering for sources: ['ptbxl', 'chapman']
[2026-01-06 00:57:02,106][__main__][INFO] - Filtered Train Size: 46867, Val Size: 6695
[2026-01-06 00:57:31,272][__main__][INFO] - Instantiating Model...
[2026-01-06 00:57:31,456][__main__][INFO] - Instantiating Method: src.methods.dann.DANN
[2026-01-06 01:08:05,242][__main__][INFO] - Epoch 1: Train Loss: 1.2629, Train Acc: 0.7531 | Val Loss: 1.4759, Val Acc: 0.5174, Val F1: 0.3622
[2026-01-06 01:08:05,676][__main__][INFO] - New Best Model Saved!
[2026-01-06 01:15:31,859][__main__][INFO] - Epoch 2: Train Loss: 1.0217, Train Acc: 0.8288 | Val Loss: 0.6484, Val Acc: 0.7667, Val F1: 0.5615
[2026-01-06 01:15:32,167][__main__][INFO] - New Best Model Saved!
[2026-01-06 01:18:12,958][__main__][INFO] - Epoch 3: Train Loss: 0.9872, Train Acc: 0.8467 | Val Loss: 0.6267, Val Acc: 0.8027, Val F1: 0.5936
[2026-01-06 01:18:13,235][__main__][INFO] - New Best Model Saved!
[2026-01-06 01:20:53,858][__main__][INFO] - Epoch 4: Train Loss: 0.9477, Train Acc: 0.8647 | Val Loss: 0.5709, Val Acc: 0.8061, Val F1: 0.6368
[2026-01-06 01:20:54,229][__main__][INFO] - New Best Model Saved!
[2026-01-06 01:23:35,012][__main__][INFO] - Epoch 5: Train Loss: 0.9264, Train Acc: 0.8719 | Val Loss: 1.0546, Val Acc: 0.7276, Val F1: 0.5518
[2026-01-06 01:26:15,658][__main__][INFO] - Epoch 6: Train Loss: 0.9294, Train Acc: 0.8811 | Val Loss: 0.9708, Val Acc: 0.7392, Val F1: 0.5523
[2026-01-06 01:28:57,255][__main__][INFO] - Epoch 7: Train Loss: 0.8933, Train Acc: 0.8936 | Val Loss: 0.8736, Val Acc: 0.7897, Val F1: 0.6535
[2026-01-06 01:28:57,609][__main__][INFO] - New Best Model Saved!
[2026-01-06 01:31:39,214][__main__][INFO] - Epoch 8: Train Loss: 0.9002, Train Acc: 0.8967 | Val Loss: 0.6345, Val Acc: 0.8087, Val F1: 0.6640
[2026-01-06 01:31:39,531][__main__][INFO] - New Best Model Saved!
[2026-01-06 01:34:20,017][__main__][INFO] - Epoch 9: Train Loss: 0.8590, Train Acc: 0.9061 | Val Loss: 0.9562, Val Acc: 0.7854, Val F1: 0.6106
[2026-01-06 01:37:00,718][__main__][INFO] - Epoch 10: Train Loss: 0.8594, Train Acc: 0.9086 | Val Loss: 0.8241, Val Acc: 0.8090, Val F1: 0.6598
[2026-01-06 01:39:41,058][__main__][INFO] - Epoch 11: Train Loss: 0.8509, Train Acc: 0.9141 | Val Loss: 0.6296, Val Acc: 0.8409, Val F1: 0.7056
[2026-01-06 01:39:41,273][__main__][INFO] - New Best Model Saved!
[2026-01-06 01:42:25,757][__main__][INFO] - Epoch 12: Train Loss: 0.8468, Train Acc: 0.9151 | Val Loss: 0.5913, Val Acc: 0.8447, Val F1: 0.6831
[2026-01-06 01:45:10,930][__main__][INFO] - Epoch 13: Train Loss: 0.8480, Train Acc: 0.9162 | Val Loss: 0.6487, Val Acc: 0.8076, Val F1: 0.6949
[2026-01-06 01:47:51,758][__main__][INFO] - Epoch 14: Train Loss: 0.8220, Train Acc: 0.9219 | Val Loss: 0.7256, Val Acc: 0.8441, Val F1: 0.7151
[2026-01-06 01:47:52,049][__main__][INFO] - New Best Model Saved!
[2026-01-06 01:50:32,858][__main__][INFO] - Epoch 15: Train Loss: 0.8255, Train Acc: 0.9252 | Val Loss: 0.4142, Val Acc: 0.8662, Val F1: 0.7368
[2026-01-06 01:50:33,132][__main__][INFO] - New Best Model Saved!
[2026-01-06 01:53:12,116][__main__][INFO] - Epoch 16: Train Loss: 0.8127, Train Acc: 0.9237 | Val Loss: 0.5169, Val Acc: 0.8496, Val F1: 0.7306
[2026-01-06 01:55:53,159][__main__][INFO] - Epoch 17: Train Loss: 0.8192, Train Acc: 0.9270 | Val Loss: 0.5705, Val Acc: 0.8554, Val F1: 0.7179
[2026-01-06 01:58:33,259][__main__][INFO] - Epoch 18: Train Loss: 0.8043, Train Acc: 0.9299 | Val Loss: 0.7254, Val Acc: 0.8447, Val F1: 0.6964
[2026-01-06 02:01:13,013][__main__][INFO] - Epoch 19: Train Loss: 0.7991, Train Acc: 0.9323 | Val Loss: 0.6545, Val Acc: 0.8381, Val F1: 0.7500
[2026-01-06 02:01:13,388][__main__][INFO] - New Best Model Saved!
[2026-01-06 02:03:54,062][__main__][INFO] - Epoch 20: Train Loss: 0.7842, Train Acc: 0.9382 | Val Loss: 0.5312, Val Acc: 0.8581, Val F1: 0.7220
[2026-01-06 02:06:34,411][__main__][INFO] - Epoch 21: Train Loss: 0.8024, Train Acc: 0.9345 | Val Loss: 0.6884, Val Acc: 0.8429, Val F1: 0.6919
[2026-01-06 02:09:14,959][__main__][INFO] - Epoch 22: Train Loss: 0.7766, Train Acc: 0.9404 | Val Loss: 0.8000, Val Acc: 0.8094, Val F1: 0.7059
[2026-01-06 02:11:56,014][__main__][INFO] - Epoch 23: Train Loss: 0.7623, Train Acc: 0.9429 | Val Loss: 0.6506, Val Acc: 0.8645, Val F1: 0.7583
[2026-01-06 02:11:56,218][__main__][INFO] - New Best Model Saved!
[2026-01-06 02:14:37,017][__main__][INFO] - Epoch 24: Train Loss: 0.7598, Train Acc: 0.9435 | Val Loss: 0.5236, Val Acc: 0.8781, Val F1: 0.7608
[2026-01-06 02:14:37,419][__main__][INFO] - New Best Model Saved!
[2026-01-06 02:17:18,215][__main__][INFO] - Epoch 25: Train Loss: 0.7590, Train Acc: 0.9455 | Val Loss: 1.0452, Val Acc: 0.8093, Val F1: 0.7156
[2026-01-06 02:19:58,715][__main__][INFO] - Epoch 26: Train Loss: 0.7472, Train Acc: 0.9472 | Val Loss: 0.6302, Val Acc: 0.8620, Val F1: 0.7231
[2026-01-06 02:22:39,161][__main__][INFO] - Epoch 27: Train Loss: 0.7275, Train Acc: 0.9511 | Val Loss: 0.5870, Val Acc: 0.8609, Val F1: 0.7710
[2026-01-06 02:22:39,426][__main__][INFO] - New Best Model Saved!
[2026-01-06 02:25:20,214][__main__][INFO] - Epoch 28: Train Loss: 0.7236, Train Acc: 0.9531 | Val Loss: 0.5488, Val Acc: 0.8723, Val F1: 0.7671
[2026-01-06 02:28:01,660][__main__][INFO] - Epoch 29: Train Loss: 0.7203, Train Acc: 0.9552 | Val Loss: 0.4422, Val Acc: 0.8838, Val F1: 0.7854
[2026-01-06 02:28:01,915][__main__][INFO] - New Best Model Saved!
[2026-01-06 02:30:43,855][__main__][INFO] - Epoch 30: Train Loss: 0.7099, Train Acc: 0.9586 | Val Loss: 0.7287, Val Acc: 0.8278, Val F1: 0.7295
[2026-01-06 02:33:30,747][__main__][INFO] - Epoch 31: Train Loss: 0.7270, Train Acc: 0.9563 | Val Loss: 0.7119, Val Acc: 0.8588, Val F1: 0.7669
[2026-01-06 02:36:16,655][__main__][INFO] - Epoch 32: Train Loss: 0.6973, Train Acc: 0.9635 | Val Loss: 0.7967, Val Acc: 0.8524, Val F1: 0.7342
[2026-01-06 02:38:58,016][__main__][INFO] - Epoch 33: Train Loss: 0.6934, Train Acc: 0.9656 | Val Loss: 1.8162, Val Acc: 0.8568, Val F1: 0.7445
[2026-01-06 02:41:39,758][__main__][INFO] - Epoch 34: Train Loss: 0.6946, Train Acc: 0.9673 | Val Loss: 0.8773, Val Acc: 0.8699, Val F1: 0.7429
[2026-01-06 02:44:21,217][__main__][INFO] - Epoch 35: Train Loss: 0.6769, Train Acc: 0.9709 | Val Loss: 1.0811, Val Acc: 0.8541, Val F1: 0.7455
[2026-01-06 02:47:02,758][__main__][INFO] - Epoch 36: Train Loss: 0.6813, Train Acc: 0.9717 | Val Loss: 0.7584, Val Acc: 0.8671, Val F1: 0.7754
[2026-01-06 02:49:46,061][__main__][INFO] - Epoch 37: Train Loss: 0.6710, Train Acc: 0.9738 | Val Loss: 0.9286, Val Acc: 0.8674, Val F1: 0.7607
[2026-01-06 02:52:25,623][__main__][INFO] - Epoch 38: Train Loss: 0.6754, Train Acc: 0.9725 | Val Loss: 1.1918, Val Acc: 0.8484, Val F1: 0.7551
[2026-01-06 02:55:06,318][__main__][INFO] - Epoch 39: Train Loss: 0.6645, Train Acc: 0.9755 | Val Loss: 0.9659, Val Acc: 0.8596, Val F1: 0.7719
[2026-01-06 02:57:47,115][__main__][INFO] - Epoch 40: Train Loss: 0.6579, Train Acc: 0.9790 | Val Loss: 1.1636, Val Acc: 0.8605, Val F1: 0.7446
[2026-01-06 03:00:28,121][__main__][INFO] - Epoch 41: Train Loss: 0.6503, Train Acc: 0.9789 | Val Loss: 1.8675, Val Acc: 0.8266, Val F1: 0.7352
[2026-01-06 03:03:09,018][__main__][INFO] - Epoch 42: Train Loss: 0.6515, Train Acc: 0.9761 | Val Loss: 1.7556, Val Acc: 0.8545, Val F1: 0.7423
[2026-01-06 03:05:49,117][__main__][INFO] - Epoch 43: Train Loss: 0.6461, Train Acc: 0.9801 | Val Loss: 1.5830, Val Acc: 0.8656, Val F1: 0.7644
[2026-01-06 03:08:28,713][__main__][INFO] - Epoch 44: Train Loss: 0.6397, Train Acc: 0.9823 | Val Loss: 1.2554, Val Acc: 0.8502, Val F1: 0.7546
[2026-01-06 03:11:09,117][__main__][INFO] - Epoch 45: Train Loss: 0.6562, Train Acc: 0.9771 | Val Loss: 1.2075, Val Acc: 0.8612, Val F1: 0.7469
[2026-01-06 03:13:49,158][__main__][INFO] - Epoch 46: Train Loss: 0.6530, Train Acc: 0.9823 | Val Loss: 1.4791, Val Acc: 0.8429, Val F1: 0.7296
[2026-01-06 03:16:29,616][__main__][INFO] - Epoch 47: Train Loss: 0.6558, Train Acc: 0.9727 | Val Loss: 1.4776, Val Acc: 0.8641, Val F1: 0.7465
[2026-01-06 03:19:11,058][__main__][INFO] - Epoch 48: Train Loss: 0.6039, Train Acc: 0.9887 | Val Loss: 2.8040, Val Acc: 0.8453, Val F1: 0.7289
[2026-01-06 03:21:51,755][__main__][INFO] - Epoch 49: Train Loss: 0.6179, Train Acc: 0.9890 | Val Loss: 2.3065, Val Acc: 0.8672, Val F1: 0.7621
[2026-01-06 03:24:33,615][__main__][INFO] - Epoch 50: Train Loss: 0.6312, Train Acc: 0.9861 | Val Loss: 2.9378, Val Acc: 0.8526, Val F1: 0.7540
