[2026-01-06 05:51:52,983][__main__][INFO] - Training Config: 
seed: 42
debug: false
data:
  paths:
    ptbxl: /workspace/data/ptbxl/ptb-xl-a-large-publicly-available-electrocardiography-dataset-1.0.3
    chapman: /workspace/data/chapman/a-large-scale-12-lead-electrocardiogram-database-for-arrhythmia-study-1.0.0
    manifest_path: /workspace/Cross-Dataset-Generalization-in-ECG-via-Invariant-Representation-Learning/data/processed/master_manifest.csv
    processed_path: /workspace/Cross-Dataset-Generalization-in-ECG-via-Invariant-Representation-Learning/data/processed/signals.h5
    split_path: /workspace/Cross-Dataset-Generalization-in-ECG-via-Invariant-Representation-Learning/data/processed/splits.json
  splits:
    train: 0.7
    val: 0.1
  seed: 42
  sampling_rate: 250
  shortcut:
    use_shortcut: true
    freq: 60
    prob: 1.0
    amplitude: 0.1
    correlation: 0.9
model:
  _target_: src.models.resnet1d.ResNet1d
  input_channels: 12
  num_classes: 7
  layers:
  - 2
  - 2
  - 2
  - 2
  planes:
  - 64
  - 128
  - 256
  - 512
method:
  _target_: src.methods.irm.IRM
train:
  epochs: 50
  batch_size: 64
  lr: 0.001
  weight_decay: 0.0001
  optimizer: AdamW

[2026-01-06 05:51:53,065][__main__][INFO] - Loading Manifest and Splits...
[2026-01-06 05:51:53,066][__main__][INFO] - Loading Manifest and Splits...
[2026-01-06 05:51:53,364][__main__][INFO] - Train Size: 46867, Val Size: 6695
[2026-01-06 05:51:53,420][__main__][INFO] - Filtering for sources: ['ptbxl', 'chapman']
[2026-01-06 05:51:53,428][__main__][INFO] - Filtered Train Size: 46867, Val Size: 6695
[2026-01-06 05:52:21,391][__main__][INFO] - Instantiating Model...
[2026-01-06 05:52:21,602][__main__][INFO] - Instantiating Method: src.methods.irm.IRM
[2026-01-06 06:02:35,007][__main__][INFO] - Epoch 1: Train Loss: 3.3672, Train Acc: 0.1314 | Val Loss: 1.8553, Val Acc: 0.0872, Val F1: 0.0606
[2026-01-06 06:02:35,309][__main__][INFO] - New Best Model Saved!
[2026-01-06 06:09:55,410][__main__][INFO] - Epoch 2: Train Loss: 1.9498, Train Acc: 0.1023 | Val Loss: 1.8530, Val Acc: 0.0683, Val F1: 0.0409
[2026-01-06 06:12:40,921][__main__][INFO] - Epoch 3: Train Loss: 1.8943, Train Acc: 0.0674 | Val Loss: 1.7920, Val Acc: 0.0515, Val F1: 0.0367
[2026-01-06 06:15:22,415][__main__][INFO] - Epoch 4: Train Loss: 1.9113, Train Acc: 0.0884 | Val Loss: 1.7987, Val Acc: 0.0720, Val F1: 0.0672
[2026-01-06 06:15:22,599][__main__][INFO] - New Best Model Saved!
[2026-01-06 06:18:02,461][__main__][INFO] - Epoch 5: Train Loss: 1.8846, Train Acc: 0.0775 | Val Loss: 1.8115, Val Acc: 0.0868, Val F1: 0.0310
[2026-01-06 06:20:44,622][__main__][INFO] - Epoch 6: Train Loss: 1.9661, Train Acc: 0.0947 | Val Loss: 1.8327, Val Acc: 0.0981, Val F1: 0.0395
[2026-01-06 06:23:25,058][__main__][INFO] - Epoch 7: Train Loss: 1.8796, Train Acc: 0.0837 | Val Loss: 1.8245, Val Acc: 0.0929, Val F1: 0.0611
[2026-01-06 06:26:07,813][__main__][INFO] - Epoch 8: Train Loss: 1.8918, Train Acc: 0.0827 | Val Loss: 1.8186, Val Acc: 0.0905, Val F1: 0.0413
[2026-01-06 06:28:48,216][__main__][INFO] - Epoch 9: Train Loss: 1.8946, Train Acc: 0.0947 | Val Loss: 1.8230, Val Acc: 0.0819, Val F1: 0.0324
[2026-01-06 06:31:28,215][__main__][INFO] - Epoch 10: Train Loss: 1.8751, Train Acc: 0.0933 | Val Loss: 1.8176, Val Acc: 0.1022, Val F1: 0.0502
[2026-01-06 06:34:09,574][__main__][INFO] - Epoch 11: Train Loss: 1.8749, Train Acc: 0.0782 | Val Loss: 1.8256, Val Acc: 0.0376, Val F1: 0.0381
[2026-01-06 06:36:50,258][__main__][INFO] - Epoch 12: Train Loss: 1.8947, Train Acc: 0.0855 | Val Loss: 1.7871, Val Acc: 0.0886, Val F1: 0.0605
[2026-01-06 06:39:31,916][__main__][INFO] - Epoch 13: Train Loss: 1.8621, Train Acc: 0.0720 | Val Loss: 1.7914, Val Acc: 0.0820, Val F1: 0.0471
[2026-01-06 06:42:13,063][__main__][INFO] - Epoch 14: Train Loss: 1.8635, Train Acc: 0.0791 | Val Loss: 1.8188, Val Acc: 0.0913, Val F1: 0.0324
[2026-01-06 06:44:54,657][__main__][INFO] - Epoch 15: Train Loss: 1.8548, Train Acc: 0.0705 | Val Loss: 1.7991, Val Acc: 0.0476, Val F1: 0.0491
[2026-01-06 06:47:38,558][__main__][INFO] - Epoch 16: Train Loss: 1.8490, Train Acc: 0.0700 | Val Loss: 1.7990, Val Acc: 0.0657, Val F1: 0.0621
[2026-01-06 06:50:19,918][__main__][INFO] - Epoch 17: Train Loss: 1.8425, Train Acc: 0.0830 | Val Loss: 1.8065, Val Acc: 0.0690, Val F1: 0.0295
[2026-01-06 06:53:00,416][__main__][INFO] - Epoch 18: Train Loss: 1.8454, Train Acc: 0.0722 | Val Loss: 1.7931, Val Acc: 0.0822, Val F1: 0.0639
[2026-01-06 06:55:41,659][__main__][INFO] - Epoch 19: Train Loss: 1.8431, Train Acc: 0.0693 | Val Loss: 1.7906, Val Acc: 0.0709, Val F1: 0.0474
[2026-01-06 06:58:22,881][__main__][INFO] - Epoch 20: Train Loss: 1.8485, Train Acc: 0.0891 | Val Loss: 1.8475, Val Acc: 0.0666, Val F1: 0.0351
[2026-01-06 07:01:04,255][__main__][INFO] - Epoch 21: Train Loss: 1.8384, Train Acc: 0.0618 | Val Loss: 1.7758, Val Acc: 0.0403, Val F1: 0.0230
[2026-01-06 07:03:45,413][__main__][INFO] - Epoch 22: Train Loss: 1.8278, Train Acc: 0.0788 | Val Loss: 1.7769, Val Acc: 0.0826, Val F1: 0.0781
[2026-01-06 07:03:45,582][__main__][INFO] - New Best Model Saved!
[2026-01-06 07:06:27,184][__main__][INFO] - Epoch 23: Train Loss: 1.8092, Train Acc: 0.0749 | Val Loss: 1.7479, Val Acc: 0.0705, Val F1: 0.0628
[2026-01-06 07:09:09,959][__main__][INFO] - Epoch 24: Train Loss: 1.7709, Train Acc: 0.0846 | Val Loss: 1.7110, Val Acc: 0.0856, Val F1: 0.0746
[2026-01-06 07:11:50,619][__main__][INFO] - Epoch 25: Train Loss: 1.7520, Train Acc: 0.0929 | Val Loss: 1.7111, Val Acc: 0.1062, Val F1: 0.0844
[2026-01-06 07:11:50,833][__main__][INFO] - New Best Model Saved!
[2026-01-06 07:14:33,559][__main__][INFO] - Epoch 26: Train Loss: 1.7399, Train Acc: 0.0992 | Val Loss: 1.6856, Val Acc: 0.1225, Val F1: 0.1166
[2026-01-06 07:14:33,785][__main__][INFO] - New Best Model Saved!
[2026-01-06 07:17:15,419][__main__][INFO] - Epoch 27: Train Loss: 1.6961, Train Acc: 0.1038 | Val Loss: 1.6341, Val Acc: 0.0937, Val F1: 0.0845
[2026-01-06 07:19:59,321][__main__][INFO] - Epoch 28: Train Loss: 1.6834, Train Acc: 0.1086 | Val Loss: 1.6026, Val Acc: 0.1110, Val F1: 0.1052
[2026-01-06 07:22:40,857][__main__][INFO] - Epoch 29: Train Loss: 1.6308, Train Acc: 0.1085 | Val Loss: 1.5778, Val Acc: 0.0896, Val F1: 0.0360
[2026-01-06 07:25:23,513][__main__][INFO] - Epoch 30: Train Loss: 1.5903, Train Acc: 0.1040 | Val Loss: 1.5843, Val Acc: 0.0862, Val F1: 0.0707
[2026-01-06 07:28:05,217][__main__][INFO] - Epoch 31: Train Loss: 1.5831, Train Acc: 0.1094 | Val Loss: 1.5444, Val Acc: 0.0916, Val F1: 0.0987
[2026-01-06 07:30:46,557][__main__][INFO] - Epoch 32: Train Loss: 1.5744, Train Acc: 0.0848 | Val Loss: 1.5208, Val Acc: 0.0878, Val F1: 0.0617
[2026-01-06 07:33:27,979][__main__][INFO] - Epoch 33: Train Loss: 1.5527, Train Acc: 0.0699 | Val Loss: 1.5022, Val Acc: 0.0778, Val F1: 0.0665
[2026-01-06 07:36:09,515][__main__][INFO] - Epoch 34: Train Loss: 1.5334, Train Acc: 0.0733 | Val Loss: 1.4655, Val Acc: 0.0450, Val F1: 0.0408
[2026-01-06 07:38:50,662][__main__][INFO] - Epoch 35: Train Loss: 1.5052, Train Acc: 0.0798 | Val Loss: 1.4463, Val Acc: 0.1317, Val F1: 0.1565
[2026-01-06 07:38:50,793][__main__][INFO] - New Best Model Saved!
[2026-01-06 07:41:31,922][__main__][INFO] - Epoch 36: Train Loss: 1.5138, Train Acc: 0.0741 | Val Loss: 1.4403, Val Acc: 0.0860, Val F1: 0.0879
[2026-01-06 07:44:12,915][__main__][INFO] - Epoch 37: Train Loss: 1.4782, Train Acc: 0.0711 | Val Loss: 1.4375, Val Acc: 0.0517, Val F1: 0.0671
[2026-01-06 07:46:58,023][__main__][INFO] - Epoch 38: Train Loss: 1.4640, Train Acc: 0.0850 | Val Loss: 1.4237, Val Acc: 0.0551, Val F1: 0.1193
[2026-01-06 07:49:39,274][__main__][INFO] - Epoch 39: Train Loss: 1.4512, Train Acc: 0.1007 | Val Loss: 1.4297, Val Acc: 0.1174, Val F1: 0.0979
[2026-01-06 07:52:20,017][__main__][INFO] - Epoch 40: Train Loss: 1.4638, Train Acc: 0.0877 | Val Loss: 1.4009, Val Acc: 0.0629, Val F1: 0.0606
[2026-01-06 07:55:00,855][__main__][INFO] - Epoch 41: Train Loss: 1.4250, Train Acc: 0.0944 | Val Loss: 1.4074, Val Acc: 0.0789, Val F1: 0.0821
[2026-01-06 07:57:41,857][__main__][INFO] - Epoch 42: Train Loss: 1.4360, Train Acc: 0.1030 | Val Loss: 1.4101, Val Acc: 0.1140, Val F1: 0.0865
[2026-01-06 08:00:23,314][__main__][INFO] - Epoch 43: Train Loss: 1.4123, Train Acc: 0.0979 | Val Loss: 1.3653, Val Acc: 0.1201, Val F1: 0.1080
[2026-01-06 08:03:04,657][__main__][INFO] - Epoch 44: Train Loss: 1.4012, Train Acc: 0.1163 | Val Loss: 1.3498, Val Acc: 0.1053, Val F1: 0.1409
[2026-01-06 08:05:46,357][__main__][INFO] - Epoch 45: Train Loss: 1.4067, Train Acc: 0.1442 | Val Loss: 1.4010, Val Acc: 0.0917, Val F1: 0.0797
[2026-01-06 08:08:28,123][__main__][INFO] - Epoch 46: Train Loss: 1.3860, Train Acc: 0.1294 | Val Loss: 1.3733, Val Acc: 0.1034, Val F1: 0.1153
[2026-01-06 08:11:13,959][__main__][INFO] - Epoch 47: Train Loss: 1.4255, Train Acc: 0.1393 | Val Loss: 1.3925, Val Acc: 0.1026, Val F1: 0.1429
[2026-01-06 08:13:55,217][__main__][INFO] - Epoch 48: Train Loss: 1.3847, Train Acc: 0.1189 | Val Loss: 1.3672, Val Acc: 0.1380, Val F1: 0.1770
[2026-01-06 08:13:55,551][__main__][INFO] - New Best Model Saved!
[2026-01-06 08:16:37,402][__main__][INFO] - Epoch 49: Train Loss: 1.3828, Train Acc: 0.1688 | Val Loss: 1.3139, Val Acc: 0.1634, Val F1: 0.1793
[2026-01-06 08:16:37,757][__main__][INFO] - New Best Model Saved!
[2026-01-06 08:19:19,063][__main__][INFO] - Epoch 50: Train Loss: 1.3898, Train Acc: 0.2005 | Val Loss: 1.3242, Val Acc: 0.2258, Val F1: 0.1891
[2026-01-06 08:19:19,283][__main__][INFO] - New Best Model Saved!
