[2026-01-03 09:38:55,372][__main__][INFO] - Training Config: 
seed: 42
debug: false
data:
  paths:
    ptbxl: C:/Users/kusha/Downloads/Cross-Dataset Generalization in ECG via Invariant
      Representation Learning/ptb-xl-a-large-publicly-available-electrocardiography-dataset-1.0.3
    chapman: C:/Users/kusha/Downloads/Cross-Dataset Generalization in ECG via Invariant
      Representation Learning/a-large-scale-12-lead-electrocardiogram-database-for-arrhythmia-study-1.0.0
    mitbih: C:/Users/kusha/Downloads/Cross-Dataset Generalization in ECG via Invariant
      Representation Learning/mit-bih-arrhythmia-database-1.0.0
    manifest_path: C:/Users/kusha/Downloads/Cross-Dataset Generalization in ECG via
      Invariant Representation Learning/data/manifests/master_manifest.csv
    processed_path: C:/Users/kusha/Downloads/Cross-Dataset Generalization in ECG via
      Invariant Representation Learning/data/processed/signals.h5
    split_path: C:/Users/kusha/Downloads/Cross-Dataset Generalization in ECG via Invariant
      Representation Learning/data/manifests/splits.json
  splits:
    train: 0.7
    val: 0.1
  seed: 42
  sampling_rate: 100
model:
  _target_: src.models.resnet1d.ResNet1d
  input_channels: 12
  num_classes: 7
  layers:
  - 2
  - 2
  - 2
  - 2
  planes:
  - 64
  - 128
  - 256
  - 512
method:
  _target_: src.methods.vrex.VREx
  beta: 10.0
  annealing_epochs: 10
train:
  epochs: 50
  batch_size: 64
  lr: 0.001
  weight_decay: 0.0001
  optimizer: AdamW

[2026-01-03 09:38:55,378][__main__][INFO] - Loading Manifest and Splits...
[2026-01-03 09:38:55,378][__main__][INFO] - Loading Manifest and Splits...
[2026-01-03 09:38:55,479][__main__][INFO] - Train Size: 46861, Val Size: 6675
[2026-01-03 09:38:55,497][__main__][INFO] - Filtering for sources: ['ptbxl', 'chapman']
[2026-01-03 09:38:55,504][__main__][INFO] - Filtered Train Size: 46828, Val Size: 6670
[2026-01-03 09:38:55,822][__main__][INFO] - Instantiating Model...
[2026-01-03 09:38:55,847][__main__][INFO] - Instantiating Method: src.methods.vrex.VREx
[2026-01-03 09:44:50,967][__main__][INFO] - Epoch 1: Train Loss: 1.4222, Train Acc: 0.5652 | Val Loss: 0.9730, Val Acc: 0.6439, Val F1: 0.4929
[2026-01-03 09:44:51,004][__main__][INFO] - New Best Model Saved!
[2026-01-03 09:50:49,113][__main__][INFO] - Epoch 2: Train Loss: 1.1767, Train Acc: 0.6542 | Val Loss: 0.8342, Val Acc: 0.7150, Val F1: 0.5250
[2026-01-03 09:50:49,153][__main__][INFO] - New Best Model Saved!
[2026-01-03 09:56:41,887][__main__][INFO] - Epoch 3: Train Loss: 0.9827, Train Acc: 0.7172 | Val Loss: 0.8318, Val Acc: 0.7141, Val F1: 0.5422
[2026-01-03 09:56:41,928][__main__][INFO] - New Best Model Saved!
[2026-01-03 10:02:55,779][__main__][INFO] - Epoch 4: Train Loss: 0.9435, Train Acc: 0.7338 | Val Loss: 0.7154, Val Acc: 0.7621, Val F1: 0.5598
[2026-01-03 10:02:55,823][__main__][INFO] - New Best Model Saved!
[2026-01-03 10:09:34,982][__main__][INFO] - Epoch 5: Train Loss: 0.8925, Train Acc: 0.7415 | Val Loss: 0.6384, Val Acc: 0.7786, Val F1: 0.5746
[2026-01-03 10:09:35,023][__main__][INFO] - New Best Model Saved!
[2026-01-03 10:16:17,618][__main__][INFO] - Epoch 6: Train Loss: 0.7875, Train Acc: 0.7754 | Val Loss: 0.6472, Val Acc: 0.7846, Val F1: 0.6283
[2026-01-03 10:16:17,654][__main__][INFO] - New Best Model Saved!
[2026-01-03 10:22:58,434][__main__][INFO] - Epoch 7: Train Loss: 0.7283, Train Acc: 0.7932 | Val Loss: 0.7238, Val Acc: 0.7522, Val F1: 0.5769
[2026-01-03 10:29:45,027][__main__][INFO] - Epoch 8: Train Loss: 0.7029, Train Acc: 0.8031 | Val Loss: 0.6269, Val Acc: 0.7832, Val F1: 0.6193
[2026-01-03 10:36:29,085][__main__][INFO] - Epoch 9: Train Loss: 0.6530, Train Acc: 0.8147 | Val Loss: 0.5394, Val Acc: 0.8081, Val F1: 0.6505
[2026-01-03 10:36:29,124][__main__][INFO] - New Best Model Saved!
[2026-01-03 10:43:14,708][__main__][INFO] - Epoch 10: Train Loss: 0.6366, Train Acc: 0.8184 | Val Loss: 0.5029, Val Acc: 0.8258, Val F1: 0.6754
[2026-01-03 10:43:14,745][__main__][INFO] - New Best Model Saved!
[2026-01-03 10:49:58,760][__main__][INFO] - Epoch 11: Train Loss: 0.6042, Train Acc: 0.8281 | Val Loss: 0.5068, Val Acc: 0.8090, Val F1: 0.6759
[2026-01-03 10:49:58,796][__main__][INFO] - New Best Model Saved!
[2026-01-03 10:56:42,809][__main__][INFO] - Epoch 12: Train Loss: 0.5917, Train Acc: 0.8320 | Val Loss: 0.4752, Val Acc: 0.8321, Val F1: 0.6776
[2026-01-03 10:56:42,847][__main__][INFO] - New Best Model Saved!
[2026-01-03 11:03:29,507][__main__][INFO] - Epoch 13: Train Loss: 0.5666, Train Acc: 0.8391 | Val Loss: 0.4453, Val Acc: 0.8525, Val F1: 0.7281
[2026-01-03 11:03:29,547][__main__][INFO] - New Best Model Saved!
[2026-01-03 11:10:12,052][__main__][INFO] - Epoch 14: Train Loss: 0.5223, Train Acc: 0.8500 | Val Loss: 0.4212, Val Acc: 0.8525, Val F1: 0.7323
[2026-01-03 11:10:12,090][__main__][INFO] - New Best Model Saved!
[2026-01-03 11:16:55,487][__main__][INFO] - Epoch 15: Train Loss: 0.5318, Train Acc: 0.8514 | Val Loss: 0.4019, Val Acc: 0.8634, Val F1: 0.7574
[2026-01-03 11:16:55,528][__main__][INFO] - New Best Model Saved!
[2026-01-03 11:23:41,042][__main__][INFO] - Epoch 16: Train Loss: 0.5138, Train Acc: 0.8567 | Val Loss: 0.4405, Val Acc: 0.8415, Val F1: 0.7515
[2026-01-03 11:30:19,328][__main__][INFO] - Epoch 17: Train Loss: 0.5032, Train Acc: 0.8579 | Val Loss: 0.4156, Val Acc: 0.8621, Val F1: 0.7423
[2026-01-03 11:37:01,058][__main__][INFO] - Epoch 18: Train Loss: 0.4974, Train Acc: 0.8623 | Val Loss: 0.4698, Val Acc: 0.8249, Val F1: 0.7128
[2026-01-03 11:43:46,677][__main__][INFO] - Epoch 19: Train Loss: 0.4652, Train Acc: 0.8665 | Val Loss: 0.3875, Val Acc: 0.8723, Val F1: 0.7866
[2026-01-03 11:43:46,717][__main__][INFO] - New Best Model Saved!
[2026-01-03 11:50:32,283][__main__][INFO] - Epoch 20: Train Loss: 0.4646, Train Acc: 0.8697 | Val Loss: 0.3820, Val Acc: 0.8742, Val F1: 0.7764
[2026-01-03 11:57:16,866][__main__][INFO] - Epoch 21: Train Loss: 0.4445, Train Acc: 0.8742 | Val Loss: 0.3713, Val Acc: 0.8759, Val F1: 0.7628
[2026-01-03 12:04:00,966][__main__][INFO] - Epoch 22: Train Loss: 0.4385, Train Acc: 0.8758 | Val Loss: 0.3482, Val Acc: 0.8789, Val F1: 0.7869
[2026-01-03 12:04:01,012][__main__][INFO] - New Best Model Saved!
[2026-01-03 12:10:53,174][__main__][INFO] - Epoch 23: Train Loss: 0.4210, Train Acc: 0.8807 | Val Loss: 0.3841, Val Acc: 0.8637, Val F1: 0.7350
[2026-01-03 12:17:37,567][__main__][INFO] - Epoch 24: Train Loss: 0.3978, Train Acc: 0.8857 | Val Loss: 0.3651, Val Acc: 0.8732, Val F1: 0.8054
[2026-01-03 12:17:37,605][__main__][INFO] - New Best Model Saved!
[2026-01-03 12:24:17,143][__main__][INFO] - Epoch 25: Train Loss: 0.4199, Train Acc: 0.8838 | Val Loss: 0.3394, Val Acc: 0.8850, Val F1: 0.7935
[2026-01-03 12:30:39,076][__main__][INFO] - Epoch 26: Train Loss: 0.3954, Train Acc: 0.8864 | Val Loss: 0.3510, Val Acc: 0.8801, Val F1: 0.7595
[2026-01-03 12:36:43,032][__main__][INFO] - Epoch 27: Train Loss: 0.4067, Train Acc: 0.8847 | Val Loss: 0.3370, Val Acc: 0.8849, Val F1: 0.8046
[2026-01-03 12:43:56,836][__main__][INFO] - Epoch 28: Train Loss: 0.3852, Train Acc: 0.8914 | Val Loss: 0.3146, Val Acc: 0.8910, Val F1: 0.8167
[2026-01-03 12:43:56,895][__main__][INFO] - New Best Model Saved!
[2026-01-03 12:52:12,583][__main__][INFO] - Epoch 29: Train Loss: 0.3862, Train Acc: 0.8927 | Val Loss: 0.3300, Val Acc: 0.8897, Val F1: 0.7829
[2026-01-03 12:58:03,718][__main__][INFO] - Epoch 30: Train Loss: 0.3782, Train Acc: 0.8950 | Val Loss: 0.3510, Val Acc: 0.8787, Val F1: 0.7951
[2026-01-03 13:04:00,911][__main__][INFO] - Epoch 31: Train Loss: 0.3751, Train Acc: 0.8954 | Val Loss: 0.3193, Val Acc: 0.8925, Val F1: 0.8192
[2026-01-03 13:04:00,946][__main__][INFO] - New Best Model Saved!
[2026-01-03 13:11:36,972][__main__][INFO] - Epoch 32: Train Loss: 0.3713, Train Acc: 0.8970 | Val Loss: 0.3395, Val Acc: 0.8825, Val F1: 0.8161
[2026-01-03 13:20:39,165][__main__][INFO] - Epoch 33: Train Loss: 0.3659, Train Acc: 0.8989 | Val Loss: 0.3304, Val Acc: 0.8919, Val F1: 0.8176
[2026-01-03 13:35:31,957][__main__][INFO] - Epoch 34: Train Loss: 0.3461, Train Acc: 0.9043 | Val Loss: 0.3509, Val Acc: 0.8789, Val F1: 0.8175
[2026-01-03 13:48:57,550][__main__][INFO] - Epoch 35: Train Loss: 0.3345, Train Acc: 0.9054 | Val Loss: 0.5043, Val Acc: 0.8216, Val F1: 0.7474
[2026-01-03 14:04:12,755][__main__][INFO] - Epoch 36: Train Loss: 0.3386, Train Acc: 0.9051 | Val Loss: 0.3228, Val Acc: 0.8832, Val F1: 0.8131
[2026-01-03 14:13:06,043][__main__][INFO] - Epoch 37: Train Loss: 0.3450, Train Acc: 0.9063 | Val Loss: 0.3126, Val Acc: 0.8877, Val F1: 0.8105
[2026-01-03 14:20:09,746][__main__][INFO] - Epoch 38: Train Loss: 0.3286, Train Acc: 0.9090 | Val Loss: 0.2963, Val Acc: 0.8958, Val F1: 0.8071
[2026-01-03 14:26:22,327][__main__][INFO] - Epoch 39: Train Loss: 0.3195, Train Acc: 0.9129 | Val Loss: 0.2978, Val Acc: 0.8930, Val F1: 0.8179
[2026-01-03 14:32:28,712][__main__][INFO] - Epoch 40: Train Loss: 0.3080, Train Acc: 0.9138 | Val Loss: 0.3080, Val Acc: 0.8936, Val F1: 0.8241
[2026-01-03 14:32:28,753][__main__][INFO] - New Best Model Saved!
[2026-01-03 14:38:58,812][__main__][INFO] - Epoch 41: Train Loss: 0.3022, Train Acc: 0.9157 | Val Loss: 0.2879, Val Acc: 0.8999, Val F1: 0.8342
[2026-01-03 14:38:58,848][__main__][INFO] - New Best Model Saved!
[2026-01-03 14:46:48,709][__main__][INFO] - Epoch 42: Train Loss: 0.2945, Train Acc: 0.9180 | Val Loss: 0.2947, Val Acc: 0.8961, Val F1: 0.8308
[2026-01-03 14:53:44,646][__main__][INFO] - Epoch 43: Train Loss: 0.2843, Train Acc: 0.9211 | Val Loss: 0.3173, Val Acc: 0.8868, Val F1: 0.8182
[2026-01-03 15:00:43,177][__main__][INFO] - Epoch 44: Train Loss: 0.2831, Train Acc: 0.9202 | Val Loss: 0.2990, Val Acc: 0.8933, Val F1: 0.8174
[2026-01-03 15:15:21,033][__main__][INFO] - Epoch 45: Train Loss: 0.2664, Train Acc: 0.9244 | Val Loss: 0.3108, Val Acc: 0.8861, Val F1: 0.8242
[2026-01-03 15:25:19,512][__main__][INFO] - Epoch 46: Train Loss: 0.2709, Train Acc: 0.9265 | Val Loss: 0.2993, Val Acc: 0.8966, Val F1: 0.8264
[2026-01-03 15:37:44,858][__main__][INFO] - Epoch 47: Train Loss: 0.2366, Train Acc: 0.9330 | Val Loss: 0.3133, Val Acc: 0.8879, Val F1: 0.8198
[2026-01-03 15:46:31,248][__main__][INFO] - Epoch 48: Train Loss: 0.2379, Train Acc: 0.9347 | Val Loss: 0.3001, Val Acc: 0.8954, Val F1: 0.8252
[2026-01-03 15:54:31,549][__main__][INFO] - Epoch 49: Train Loss: 0.2247, Train Acc: 0.9386 | Val Loss: 0.3222, Val Acc: 0.8852, Val F1: 0.8104
[2026-01-03 16:02:52,894][__main__][INFO] - Epoch 50: Train Loss: 0.2095, Train Acc: 0.9416 | Val Loss: 0.3145, Val Acc: 0.8909, Val F1: 0.8216
